#
# A fatal error has been detected by the Java Runtime Environment:
#
#  EXCEPTION_ACCESS_VIOLATION (0xc0000005) at pc=0x000000005dc22c16, pid=7744, tid=1916
#
# JRE version: Java(TM) SE Runtime Environment (8.0_20-b26) (build 1.8.0_20-b26)
# Java VM: Java HotSpot(TM) 64-Bit Server VM (25.20-b23 mixed mode windows-amd64 compressed oops)
# Problematic frame:
# V  [jvm.dll+0x4c2c16]
#
# Failed to write core dump. Minidumps are not enabled by default on client versions of Windows
#
# If you would like to submit a bug report, please visit:
#   http://bugreport.sun.com/bugreport/crash.jsp
#

---------------  T H R E A D  ---------------

Current thread (0x000000005acb2800):  JavaThread "C2 CompilerThread1" daemon [_thread_in_native, id=1916, stack(0x000000005cec0000,0x000000005cfc0000)]

siginfo: ExceptionCode=0xc0000005, reading address 0x0000000000000010

Registers:
RAX=0x0000000000000000, RBX=0x0000000060524110, RCX=0x0000000060524110, RDX=0x000000005b4f1a40
RSP=0x000000005cfbcf90, RBP=0x0000000060524110, RSI=0x000000005cfbe8d0, RDI=0x000000005dd96888
R8 =0x0000000060524110, R9 =0x0000000000000002, R10=0x000000005af09550, R11=0x0000000000000000
R12=0x000000005cfbde80, R13=0x000000005b4f1a40, R14=0x000000005fd95920, R15=0x0000000000000000
RIP=0x000000005dc22c16, EFLAGS=0x0000000000010246

Top of Stack: (sp=0x000000005cfbcf90)
0x000000005cfbcf90:   000000005b4f2c90 0000000060524110
0x000000005cfbcfa0:   000000005fd95c10 000000005cfbd250
0x000000005cfbcfb0:   0000000000000018 000000005fd95620
0x000000005cfbcfc0:   000000005cfbd250 000000005dbbac1a
0x000000005cfbcfd0:   0000000060524110 0000000000000003
0x000000005cfbcfe0:   0000000000000003 000000005dd96888
0x000000005cfbcff0:   000000005af0c160 0000000000000001
0x000000005cfbd000:   0000000088ca6c00 000000005db9a0b4
0x000000005cfbd010:   000000005fd92ae8 000000005dc439db
0x000000005cfbd020:   0000000000000000 000000005fd95620
0x000000005cfbd030:   0000000000000038 000000005dbcfe69
0x000000005cfbd040:   000000005fd92ae8 0000000000000005
0x000000005cfbd050:   0000000000000000 00000000634887e0
0x000000005cfbd060:   0000000200000001 0000000063b68510
0x000000005cfbd070:   0000000000000038 000000005db9a0b4
0x000000005cfbd080:   0000000000000005 000000005d760000 

Instructions: (pc=0x000000005dc22c16)
0x000000005dc22bf6:   8b e1 49 8b c8 49 8b e8 4c 8b ea ff 50 28 44 8b
0x000000005dc22c06:   48 10 41 83 f9 0e 7c 06 41 83 f9 14 7e 02 33 c0
0x000000005dc22c16:   8b 48 10 48 89 5c 24 40 83 f9 10 0f 8c 03 01 00
0x000000005dc22c26:   00 83 f9 12 0f 8f fa 00 00 00 80 78 32 00 0f 84 


Register to memory mapping:

RAX=0x0000000000000000 is an unknown value
RBX=0x0000000060524110 is an unknown value
RCX=0x0000000060524110 is an unknown value
RDX=0x000000005b4f1a40 is an unknown value
RSP=0x000000005cfbcf90 is pointing into the stack for thread: 0x000000005acb2800
RBP=0x0000000060524110 is an unknown value
RSI=0x000000005cfbe8d0 is pointing into the stack for thread: 0x000000005acb2800
RDI=0x000000005dd96888 is an unknown value
R8 =0x0000000060524110 is an unknown value
R9 =0x0000000000000002 is an unknown value
R10=0x000000005af09550 is an unknown value
R11=0x0000000000000000 is an unknown value
R12=0x000000005cfbde80 is pointing into the stack for thread: 0x000000005acb2800
R13=0x000000005b4f1a40 is an unknown value
R14=0x000000005fd95920 is an unknown value
R15=0x0000000000000000 is an unknown value


Stack: [0x000000005cec0000,0x000000005cfc0000],  sp=0x000000005cfbcf90,  free space=1011k
Native frames: (J=compiled Java code, j=interpreted, Vv=VM code, C=native code)
V  [jvm.dll+0x4c2c16]
V  [jvm.dll+0x45ac1a]
V  [jvm.dll+0x4d8fd1]
V  [jvm.dll+0x4d9aef]
V  [jvm.dll+0x4d9e69]
V  [jvm.dll+0x4da3d6]
V  [jvm.dll+0x436ec1]
V  [jvm.dll+0x45b2c4]
V  [jvm.dll+0x4e0fd8]
V  [jvm.dll+0x4d9ae7]
V  [jvm.dll+0x4d9e69]
V  [jvm.dll+0x4da3d6]
V  [jvm.dll+0x436ec1]
V  [jvm.dll+0x4375d2]
V  [jvm.dll+0x45b2c4]
V  [jvm.dll+0x4e0fd8]
V  [jvm.dll+0x4d9ae7]
V  [jvm.dll+0x4d9e69]
V  [jvm.dll+0x4da3d6]
V  [jvm.dll+0x436ec1]
V  [jvm.dll+0x45243b]
V  [jvm.dll+0x435fc2]
V  [jvm.dll+0x97b62]
V  [jvm.dll+0x98353]
V  [jvm.dll+0x22aac4]
V  [jvm.dll+0x283f5a]
C  [msvcr100.dll+0x21d9f]
C  [msvcr100.dll+0x21e3b]
C  [kernel32.dll+0x159cd]
C  [ntdll.dll+0x2a561]


Current CompileTask:
C2: 103310 14969 %     4       sun.misc.URLClassPath::getResource @ 43 (78 bytes)


---------------  P R O C E S S  ---------------

Java Threads: ( => current thread )
  0x0000000061d08000 JavaThread "Abandoned connection cleanup thread" daemon [_thread_blocked, id=10796, stack(0x000000005f650000,0x000000005f750000)]
  0x0000000061d07000 JavaThread "Tomcat JDBC Pool Cleaner[1482968390:1510018636120]" daemon [_thread_blocked, id=10284, stack(0x0000000066150000,0x0000000066250000)]
  0x0000000061d05000 JavaThread "DestroyJavaVM" [_thread_blocked, id=8532, stack(0x0000000002a90000,0x0000000002b90000)]
  0x0000000061d04000 JavaThread "http-nio-9000-AsyncTimeout" daemon [_thread_blocked, id=2892, stack(0x0000000066630000,0x0000000066730000)]
  0x0000000061d03800 JavaThread "http-nio-9000-Acceptor-0" daemon [_thread_in_native, id=7616, stack(0x0000000066420000,0x0000000066520000)]
  0x0000000061d02800 JavaThread "http-nio-9000-ClientPoller-1" daemon [_thread_in_native, id=2016, stack(0x0000000066260000,0x0000000066360000)]
  0x0000000061d02000 JavaThread "http-nio-9000-ClientPoller-0" daemon [_thread_in_native, id=4732, stack(0x0000000066040000,0x0000000066140000)]
  0x0000000061d01000 JavaThread "http-nio-9000-exec-10" daemon [_thread_blocked, id=6428, stack(0x0000000065bd0000,0x0000000065cd0000)]
  0x000000005ed04000 JavaThread "http-nio-9000-exec-9" daemon [_thread_blocked, id=3148, stack(0x0000000065f30000,0x0000000066030000)]
  0x000000005ed03800 JavaThread "http-nio-9000-exec-8" daemon [_thread_blocked, id=1968, stack(0x0000000065d60000,0x0000000065e60000)]
  0x000000005ed02800 JavaThread "http-nio-9000-exec-7" daemon [_thread_blocked, id=1892, stack(0x000000005bc40000,0x000000005bd40000)]
  0x000000005ed02000 JavaThread "http-nio-9000-exec-6" daemon [_thread_blocked, id=504, stack(0x0000000065ad0000,0x0000000065bd0000)]
  0x000000005ed01000 JavaThread "http-nio-9000-exec-5" daemon [_thread_in_native, id=7196, stack(0x0000000065960000,0x0000000065a60000)]
  0x000000005ed00800 JavaThread "http-nio-9000-exec-4" daemon [_thread_blocked, id=11032, stack(0x0000000065780000,0x0000000065880000)]
  0x000000005ecff800 JavaThread "http-nio-9000-exec-3" daemon [_thread_blocked, id=10948, stack(0x00000000655b0000,0x00000000656b0000)]
  0x000000005ecff000 JavaThread "http-nio-9000-exec-2" daemon [_thread_blocked, id=8436, stack(0x0000000060780000,0x0000000060880000)]
  0x000000005ecfe000 JavaThread "http-nio-9000-exec-1" daemon [_thread_blocked, id=6280, stack(0x000000005e1f0000,0x000000005e2f0000)]
  0x000000005ecfd800 JavaThread "NioBlockingSelector.BlockPoller-1" daemon [_thread_in_native, id=10108, stack(0x0000000064b20000,0x0000000064c20000)]
  0x000000005b5ed000 JavaThread "pool-4-thread-1" [_thread_blocked, id=8036, stack(0x0000000062ff0000,0x00000000630f0000)]
  0x000000005b3a0000 JavaThread "container-0" [_thread_blocked, id=9136, stack(0x0000000060e60000,0x0000000060f60000)]
  0x000000005b39f000 JavaThread "ContainerBackgroundProcessor[StandardEngine[Tomcat]]" daemon [_thread_blocked, id=10588, stack(0x0000000062610000,0x0000000062710000)]
  0x000000005b39a800 JavaThread "RMI TCP Accept-0" daemon [_thread_in_native, id=1308, stack(0x000000005e580000,0x000000005e680000)]
  0x000000005b39a000 JavaThread "RMI TCP Accept-46603" daemon [_thread_in_native, id=3564, stack(0x000000005e0f0000,0x000000005e1f0000)]
  0x000000005acaa800 JavaThread "RMI TCP Accept-0" daemon [_thread_in_native, id=6936, stack(0x000000005bb10000,0x000000005bc10000)]
  0x000000005aca9800 JavaThread "Service Thread" daemon [_thread_blocked, id=11104, stack(0x000000005d0c0000,0x000000005d1c0000)]
  0x000000005acb6800 JavaThread "C1 CompilerThread2" daemon [_thread_blocked, id=2004, stack(0x000000005d1d0000,0x000000005d2d0000)]
=>0x000000005acb2800 JavaThread "C2 CompilerThread1" daemon [_thread_in_native, id=1916, stack(0x000000005cec0000,0x000000005cfc0000)]
  0x000000005af47000 JavaThread "C2 CompilerThread0" daemon [_thread_in_native, id=10956, stack(0x000000005cfc0000,0x000000005d0c0000)]
  0x000000005aca9000 JavaThread "rebel-change-detector-thread" daemon [_thread_blocked, id=8540, stack(0x000000005cd20000,0x000000005ce20000)]
  0x000000005aca8000 JavaThread "rebel-debugger-thread" daemon [_thread_blocked, id=10320, stack(0x000000005c280000,0x000000005c380000)]
  0x000000005aca7800 JavaThread "rebel-debugger-attach-notifier" daemon [_thread_blocked, id=8872, stack(0x000000005cc20000,0x000000005cd20000)]
  0x000000005af22000 JavaThread "rebel-heartbeat-thread" daemon [_thread_blocked, id=10720, stack(0x000000005ca40000,0x000000005cb40000)]
  0x000000005ae2d000 JavaThread "rebel-redeploy-thread" daemon [_thread_blocked, id=3408, stack(0x000000005c8e0000,0x000000005c9e0000)]
  0x000000005ae19800 JavaThread "rebel-IDENotificationsImpl-PostCycle" daemon [_thread_blocked, id=5804, stack(0x000000005c6f0000,0x000000005c7f0000)]
  0x000000005ad0c800 JavaThread "rebel-weak-reaper" daemon [_thread_blocked, id=10056, stack(0x000000005a0c0000,0x000000005a1c0000)]
  0x000000005acff800 JavaThread "rebel-messaging-executor-24" daemon [_thread_blocked, id=10632, stack(0x000000005a470000,0x000000005a570000)]
  0x000000005958b000 JavaThread "rebel-cache-writer" daemon [_thread_blocked, id=10564, stack(0x0000000059080000,0x0000000059180000)]
  0x000000005abd9000 JavaThread "rebel-fsnotify-OutputReader" daemon [_thread_blocked, id=11008, stack(0x000000005ba10000,0x000000005bb10000)]
  0x000000005abd8800 JavaThread "rebel-fsnotify-OutputReader" daemon [_thread_blocked, id=8016, stack(0x000000005a5a0000,0x000000005a6a0000)]
  0x000000005abc4800 JavaThread "rebel-fsnotify-ShutdownOnTermination" daemon [_thread_in_native, id=9064, stack(0x000000005a310000,0x000000005a410000)]
  0x000000005966a800 JavaThread "rebel-CacheKeepAlive" daemon [_thread_blocked, id=2788, stack(0x000000005a200000,0x000000005a300000)]
  0x0000000059572000 JavaThread "rebel-logger" daemon [_thread_in_native, id=9812, stack(0x0000000058710000,0x0000000058810000)]
  0x000000005782b000 JavaThread "Attach Listener" daemon [_thread_blocked, id=7764, stack(0x00000000593a0000,0x00000000594a0000)]
  0x0000000058cc2800 JavaThread "Signal Dispatcher" daemon [_thread_blocked, id=1700, stack(0x00000000591f0000,0x00000000592f0000)]
  0x00000000577d5800 JavaThread "Finalizer" daemon [_thread_blocked, id=2448, stack(0x0000000058b70000,0x0000000058c70000)]
  0x00000000577d4000 JavaThread "Reference Handler" daemon [_thread_blocked, id=10348, stack(0x00000000589e0000,0x0000000058ae0000)]

Other Threads:
  0x00000000577cc800 VMThread [stack: 0x0000000058820000,0x0000000058920000] [id=5540]
  0x000000005ac77000 WatcherThread [stack: 0x000000005dfc0000,0x000000005e0c0000] [id=10308]

VM state:not at safepoint (normal execution)

VM Mutex/Monitor currently owned by a thread: None

Heap:
 PSYoungGen      total 296960K, used 161256K [0x00000000d6c00000, 0x00000000ea680000, 0x0000000100000000)
  eden space 279040K, 52% used [0x00000000d6c00000,0x00000000df9eaa80,0x00000000e7c80000)
  from space 17920K, 88% used [0x00000000e9500000,0x00000000ea48f600,0x00000000ea680000)
  to   space 21504K, 0% used [0x00000000e7c80000,0x00000000e7c80000,0x00000000e9180000)
 ParOldGen       total 167424K, used 36944K [0x0000000084400000, 0x000000008e780000, 0x00000000d6c00000)
  object space 167424K, 22% used [0x0000000084400000,0x0000000086814178,0x000000008e780000)
 Metaspace       used 85192K, capacity 87572K, committed 87896K, reserved 1128448K
  class space    used 9242K, capacity 9756K, committed 9856K, reserved 1048576K

Card table byte_map: [0x0000000011f50000,0x0000000012330000] byte_map_base: 0x0000000011b2e000

Marking Bits: (ParMarkBitMap*) 0x000000005df3b460
 Begin Bits: [0x0000000012c70000, 0x0000000014b60000)
 End Bits:   [0x0000000014b60000, 0x0000000016a50000)

Polling page: 0x0000000000350000

CodeCache: size=245760Kb used=18086Kb max_used=36369Kb free=227673Kb
 bounds [0x0000000002b90000, 0x0000000004f40000, 0x0000000011b90000]
 total_blobs=9854 nmethods=9270 adapters=495
 compilation: enabled

Compilation events (10 events):
Event: 103.194 Thread 0x000000005acb6800 15115       2       org.springframework.util.Assert::isTrue (20 bytes)
Event: 103.194 Thread 0x000000005acb6800 nmethod 15115 0x00000000046d3b90 code [0x00000000046d3d00, 0x00000000046d3ef8]
Event: 103.203 Thread 0x000000005acb6800 15117       2       org.springframework.core.annotation.AnnotationUtils$AnnotationCacheKey::equals (58 bytes)
Event: 103.204 Thread 0x000000005acb6800 nmethod 15117 0x00000000047de550 code [0x00000000047de6e0, 0x00000000047dea58]
Event: 103.209 Thread 0x000000005acb2800 nmethod 15025 0x0000000003148b90 code [0x0000000003148e00, 0x0000000003149588]
Event: 103.209 Thread 0x000000005acb2800 14969 %     4       sun.misc.URLClassPath::getResource @ 43 (78 bytes)
Event: 103.210 Thread 0x000000005acb6800 15119       2       org.springframework.core.OrderComparator::doCompare (88 bytes)
Event: 103.211 Thread 0x000000005acb6800 nmethod 15119 0x000000000313ca50 code [0x000000000313cc20, 0x000000000313d178]
Event: 103.215 Thread 0x000000005acb6800 15120       2       org.springframework.util.Assert::hasText (23 bytes)
Event: 103.215 Thread 0x000000005acb6800 nmethod 15120 0x00000000046d3690 code [0x00000000046d3820, 0x00000000046d3a48]

GC Heap History (10 events):
Event: 22.113 GC heap before
{Heap before GC invocations=17 (full 3):
 PSYoungGen      total 171008K, used 157572K [0x00000000d6c00000, 0x00000000e4880000, 0x0000000100000000)
  eden space 151040K, 100% used [0x00000000d6c00000,0x00000000dff80000,0x00000000dff80000)
  from space 19968K, 32% used [0x00000000dff80000,0x00000000e05e1168,0x00000000e1300000)
  to   space 19968K, 0% used [0x00000000e3500000,0x00000000e3500000,0x00000000e4880000)
 ParOldGen       total 167424K, used 36904K [0x0000000084400000, 0x000000008e780000, 0x00000000d6c00000)
  object space 167424K, 22% used [0x0000000084400000,0x000000008680a178,0x000000008e780000)
 Metaspace       used 65553K, capacity 66968K, committed 67416K, reserved 1107968K
  class space    used 7608K, capacity 8001K, committed 8064K, reserved 1048576K
Event: 22.131 GC heap after
Heap after GC invocations=17 (full 3):
 PSYoungGen      total 194560K, used 10050K [0x00000000d6c00000, 0x00000000e4200000, 0x0000000100000000)
  eden space 181248K, 0% used [0x00000000d6c00000,0x00000000d6c00000,0x00000000e1d00000)
  from space 13312K, 75% used [0x00000000e3500000,0x00000000e3ed09a8,0x00000000e4200000)
  to   space 18944K, 0% used [0x00000000e1d00000,0x00000000e1d00000,0x00000000e2f80000)
 ParOldGen       total 167424K, used 36912K [0x0000000084400000, 0x000000008e780000, 0x00000000d6c00000)
  object space 167424K, 22% used [0x0000000084400000,0x000000008680c178,0x000000008e780000)
 Metaspace       used 65553K, capacity 66968K, committed 67416K, reserved 1107968K
  class space    used 7608K, capacity 8001K, committed 8064K, reserved 1048576K
}
Event: 23.856 GC heap before
{Heap before GC invocations=18 (full 3):
 PSYoungGen      total 194560K, used 191298K [0x00000000d6c00000, 0x00000000e4200000, 0x0000000100000000)
  eden space 181248K, 100% used [0x00000000d6c00000,0x00000000e1d00000,0x00000000e1d00000)
  from space 13312K, 75% used [0x00000000e3500000,0x00000000e3ed09a8,0x00000000e4200000)
  to   space 18944K, 0% used [0x00000000e1d00000,0x00000000e1d00000,0x00000000e2f80000)
 ParOldGen       total 167424K, used 36912K [0x0000000084400000, 0x000000008e780000, 0x00000000d6c00000)
  object space 167424K, 22% used [0x0000000084400000,0x000000008680c178,0x000000008e780000)
 Metaspace       used 69595K, capacity 70980K, committed 71384K, reserved 1112064K
  class space    used 7970K, capacity 8355K, committed 8448K, reserved 1048576K
Event: 23.911 GC heap after
Heap after GC invocations=18 (full 3):
 PSYoungGen      total 200192K, used 17468K [0x00000000d6c00000, 0x00000000e7000000, 0x0000000100000000)
  eden space 181248K, 0% used [0x00000000d6c00000,0x00000000d6c00000,0x00000000e1d00000)
  from space 18944K, 92% used [0x00000000e1d00000,0x00000000e2e0f358,0x00000000e2f80000)
  to   space 20992K, 0% used [0x00000000e5b80000,0x00000000e5b80000,0x00000000e7000000)
 ParOldGen       total 167424K, used 36920K [0x0000000084400000, 0x000000008e780000, 0x00000000d6c00000)
  object space 167424K, 22% used [0x0000000084400000,0x000000008680e178,0x000000008e780000)
 Metaspace       used 69595K, capacity 70980K, committed 71384K, reserved 1112064K
  class space    used 7970K, capacity 8355K, committed 8448K, reserved 1048576K
}
Event: 24.447 GC heap before
{Heap before GC invocations=19 (full 3):
 PSYoungGen      total 200192K, used 198716K [0x00000000d6c00000, 0x00000000e7000000, 0x0000000100000000)
  eden space 181248K, 100% used [0x00000000d6c00000,0x00000000e1d00000,0x00000000e1d00000)
  from space 18944K, 92% used [0x00000000e1d00000,0x00000000e2e0f358,0x00000000e2f80000)
  to   space 20992K, 0% used [0x00000000e5b80000,0x00000000e5b80000,0x00000000e7000000)
 ParOldGen       total 167424K, used 36920K [0x0000000084400000, 0x000000008e780000, 0x00000000d6c00000)
  object space 167424K, 22% used [0x0000000084400000,0x000000008680e178,0x000000008e780000)
 Metaspace       used 71043K, capacity 72388K, committed 72920K, reserved 1114112K
  class space    used 8056K, capacity 8419K, committed 8448K, reserved 1048576K
Event: 24.474 GC heap after
Heap after GC invocations=19 (full 3):
 PSYoungGen      total 245248K, used 14079K [0x00000000d6c00000, 0x00000000e7900000, 0x0000000100000000)
  eden space 224256K, 0% used [0x00000000d6c00000,0x00000000d6c00000,0x00000000e4700000)
  from space 20992K, 67% used [0x00000000e5b80000,0x00000000e693fc08,0x00000000e7000000)
  to   space 20992K, 0% used [0x00000000e4700000,0x00000000e4700000,0x00000000e5b80000)
 ParOldGen       total 167424K, used 36928K [0x0000000084400000, 0x000000008e780000, 0x00000000d6c00000)
  object space 167424K, 22% used [0x0000000084400000,0x0000000086810178,0x000000008e780000)
 Metaspace       used 71043K, capacity 72388K, committed 72920K, reserved 1114112K
  class space    used 8056K, capacity 8419K, committed 8448K, reserved 1048576K
}
Event: 25.127 GC heap before
{Heap before GC invocations=20 (full 3):
 PSYoungGen      total 245248K, used 238335K [0x00000000d6c00000, 0x00000000e7900000, 0x0000000100000000)
  eden space 224256K, 100% used [0x00000000d6c00000,0x00000000e4700000,0x00000000e4700000)
  from space 20992K, 67% used [0x00000000e5b80000,0x00000000e693fc08,0x00000000e7000000)
  to   space 20992K, 0% used [0x00000000e4700000,0x00000000e4700000,0x00000000e5b80000)
 ParOldGen       total 167424K, used 36928K [0x0000000084400000, 0x000000008e780000, 0x00000000d6c00000)
  object space 167424K, 22% used [0x0000000084400000,0x0000000086810178,0x000000008e780000)
 Metaspace       used 72612K, capacity 73988K, committed 74328K, reserved 1116160K
  class space    used 8174K, capacity 8547K, committed 8576K, reserved 1048576K
Event: 25.229 GC heap after
Heap after GC invocations=20 (full 3):
 PSYoungGen      total 245248K, used 14407K [0x00000000d6c00000, 0x00000000ea980000, 0x0000000100000000)
  eden space 224256K, 0% used [0x00000000d6c00000,0x00000000d6c00000,0x00000000e4700000)
  from space 20992K, 68% used [0x00000000e4700000,0x00000000e5511d50,0x00000000e5b80000)
  to   space 20992K, 0% used [0x00000000e9500000,0x00000000e9500000,0x00000000ea980000)
 ParOldGen       total 167424K, used 36936K [0x0000000084400000, 0x000000008e780000, 0x00000000d6c00000)
  object space 167424K, 22% used [0x0000000084400000,0x0000000086812178,0x000000008e780000)
 Metaspace       used 72612K, capacity 73988K, committed 74328K, reserved 1116160K
  class space    used 8174K, capacity 8547K, committed 8576K, reserved 1048576K
}
Event: 28.226 GC heap before
{Heap before GC invocations=21 (full 3):
 PSYoungGen      total 245248K, used 238663K [0x00000000d6c00000, 0x00000000ea980000, 0x0000000100000000)
  eden space 224256K, 100% used [0x00000000d6c00000,0x00000000e4700000,0x00000000e4700000)
  from space 20992K, 68% used [0x00000000e4700000,0x00000000e5511d50,0x00000000e5b80000)
  to   space 20992K, 0% used [0x00000000e9500000,0x00000000e9500000,0x00000000ea980000)
 ParOldGen       total 167424K, used 36936K [0x0000000084400000, 0x000000008e780000, 0x00000000d6c00000)
  object space 167424K, 22% used [0x0000000084400000,0x0000000086812178,0x000000008e780000)
 Metaspace       used 77926K, capacity 79336K, committed 79832K, reserved 1120256K
  class space    used 8506K, capacity 8874K, committed 8960K, reserved 1048576K
Event: 28.271 GC heap after
Heap after GC invocations=21 (full 3):
 PSYoungGen      total 296960K, used 15933K [0x00000000d6c00000, 0x00000000ea680000, 0x0000000100000000)
  eden space 279040K, 0% used [0x00000000d6c00000,0x00000000d6c00000,0x00000000e7c80000)
  from space 17920K, 88% used [0x00000000e9500000,0x00000000ea48f600,0x00000000ea680000)
  to   space 21504K, 0% used [0x00000000e7c80000,0x00000000e7c80000,0x00000000e9180000)
 ParOldGen       total 167424K, used 36944K [0x0000000084400000, 0x000000008e780000, 0x00000000d6c00000)
  object space 167424K, 22% used [0x0000000084400000,0x0000000086814178,0x000000008e780000)
 Metaspace       used 77926K, capacity 79336K, committed 79832K, reserved 1120256K
  class space    used 8506K, capacity 8874K, committed 8960K, reserved 1048576K
}

Deoptimization events (10 events):
Event: 96.225 Thread 0x000000005acff800 Uncommon trap: reason=array_check action=maybe_recompile pc=0x0000000002f2f970 method=com.zeroturnaround.jrebelbase.facade.a.a([Ljava/lang/Object;I[Ljava/lang/Object;II)V @ 98
Event: 96.226 Thread 0x000000005acff800 Uncommon trap: reason=array_check action=maybe_recompile pc=0x0000000002f2f970 method=com.zeroturnaround.jrebelbase.facade.a.a([Ljava/lang/Object;I[Ljava/lang/Object;II)V @ 98
Event: 98.554 Thread 0x000000005ae2d000 Uncommon trap: reason=unreached action=reinterpret pc=0x0000000002e01a28 method=com.zeroturnaround.jrebelbase.facade.g.getOriginOrClass(Ljava/lang/Object;)Ljava/lang/Object; @ 4
Event: 98.966 Thread 0x000000005ae2d000 Uncommon trap: reason=speculate_class_check action=maybe_recompile pc=0x0000000002d9fb98 method=com.zeroturnaround.jrebelbase.i._jr$gOrg()Lcom/zeroturnaround/jrebelbase/i; @ 1
Event: 101.772 Thread 0x000000005ed01000 Uncommon trap: reason=null_check action=make_not_entrant pc=0x00000000032173cc method=com.zeroturnaround.jrebelbase.facade.f.convertArgument(Ljava/lang/Object;Ljava/lang/Class;)Ljava/lang/Object; @ 16
Event: 101.780 Thread 0x000000005ed01000 Uncommon trap: reason=bimorphic action=maybe_recompile pc=0x000000000318b02c method=com.zeroturnaround.javarebel.gqo.containsKey(Ljava/lang/Object;)Z @ 18
Event: 101.807 Thread 0x000000005ed01000 Uncommon trap: reason=unreached action=reinterpret pc=0x000000000328e134 method=com.zeroturnaround.jrebelbase.facade.ab.isAssignableFrom(Ljava/lang/Class;Ljava/lang/Class;)Z @ 25
Event: 101.919 Thread 0x000000005ed01000 Uncommon trap: reason=speculate_class_check action=maybe_recompile pc=0x0000000002d9fb98 method=com.zeroturnaround.jrebelbase.i._jr$gOrg()Lcom/zeroturnaround/jrebelbase/i; @ 1
Event: 101.925 Thread 0x000000005ed01000 Uncommon trap: reason=null_check action=make_not_entrant pc=0x0000000002d65cb4 method=com.zeroturnaround.jrebelbase.facade.e.ifAcmpInternal(Ljava/lang/Object;Ljava/lang/Object;)Z @ 64
Event: 102.231 Thread 0x000000005ed01000 Uncommon trap: reason=class_check action=maybe_recompile pc=0x000000000364e818 method=org.zeroturnaround.javarebel.integration.util.WeakUtil$FilterSet.contains(Ljava/lang/Object;)Z @ 9

Internal exceptions (10 events):
Event: 103.142 Thread 0x000000005ed01000 Exception <a 'java/security/PrivilegedActionException'> (0x00000000deb9fb68) thrown at [D:\re\workspace\8-2-build-windows-amd64-cygwin\jdk8u20\1074\hotspot\src\share\vm\prims\jvm.cpp, line 1275]
Event: 103.143 Thread 0x000000005ed01000 Exception <a 'java/security/PrivilegedActionException'> (0x00000000deba91a8) thrown at [D:\re\workspace\8-2-build-windows-amd64-cygwin\jdk8u20\1074\hotspot\src\share\vm\prims\jvm.cpp, line 1275]
Event: 103.146 Thread 0x000000005ed01000 Exception <a 'java/security/PrivilegedActionException'> (0x00000000debe0120) thrown at [D:\re\workspace\8-2-build-windows-amd64-cygwin\jdk8u20\1074\hotspot\src\share\vm\prims\jvm.cpp, line 1275]
Event: 103.147 Thread 0x000000005ed01000 Exception <a 'java/security/PrivilegedActionException'> (0x00000000debe8260) thrown at [D:\re\workspace\8-2-build-windows-amd64-cygwin\jdk8u20\1074\hotspot\src\share\vm\prims\jvm.cpp, line 1275]
Event: 103.148 Thread 0x000000005ed01000 Exception <a 'java/security/PrivilegedActionException'> (0x00000000debebe90) thrown at [D:\re\workspace\8-2-build-windows-amd64-cygwin\jdk8u20\1074\hotspot\src\share\vm\prims\jvm.cpp, line 1275]
Event: 103.148 Thread 0x000000005ed01000 Exception <a 'java/security/PrivilegedActionException'> (0x00000000debf3068) thrown at [D:\re\workspace\8-2-build-windows-amd64-cygwin\jdk8u20\1074\hotspot\src\share\vm\prims\jvm.cpp, line 1275]
Event: 103.176 Thread 0x000000005ed01000 Exception <a 'java/security/PrivilegedActionException'> (0x00000000dedf7920) thrown at [D:\re\workspace\8-2-build-windows-amd64-cygwin\jdk8u20\1074\hotspot\src\share\vm\prims\jvm.cpp, line 1275]
Event: 103.176 Thread 0x000000005ed01000 Exception <a 'java/security/PrivilegedActionException'> (0x00000000dedffd40) thrown at [D:\re\workspace\8-2-build-windows-amd64-cygwin\jdk8u20\1074\hotspot\src\share\vm\prims\jvm.cpp, line 1275]
Event: 103.181 Thread 0x000000005ed01000 Exception <a 'java/security/PrivilegedActionException'> (0x00000000dee49f28) thrown at [D:\re\workspace\8-2-build-windows-amd64-cygwin\jdk8u20\1074\hotspot\src\share\vm\prims\jvm.cpp, line 1275]
Event: 103.182 Thread 0x000000005ed01000 Exception <a 'java/security/PrivilegedActionException'> (0x00000000dee4f120) thrown at [D:\re\workspace\8-2-build-windows-amd64-cygwin\jdk8u20\1074\hotspot\src\share\vm\prims\jvm.cpp, line 1275]

Events (10 events):
Event: 103.146 loading class com/github/benmanes/caffeine/cache/Caffeine
Event: 103.146 loading class com/github/benmanes/caffeine/cache/Caffeine done
Event: 103.147 loading class com/google/common/cache/CacheBuilder
Event: 103.147 loading class com/google/common/cache/CacheBuilder done
Event: 103.151 Thread 0x000000005ed01000 DEOPT PACKING pc=0x00000000031819a6 sp=0x0000000065a5d9c0
Event: 103.151 Thread 0x000000005ed01000 DEOPT UNPACKING pc=0x0000000002bd75bf sp=0x0000000065a5d748 mode 0
Event: 103.175 loading class com/fasterxml/jackson/dataformat/xml/XmlMapper
Event: 103.175 loading class com/fasterxml/jackson/dataformat/xml/XmlMapper done
Event: 103.181 loading class com/google/gson/Gson
Event: 103.181 loading class com/google/gson/Gson done


Dynamic libraries:
0x000000013f700000 - 0x000000013f734000 	C:\Program Files\Java\jre1.8.0_20\bin\javaw.exe
0x0000000077950000 - 0x0000000077afa000 	C:\windows\SYSTEM32\ntdll.dll
0x0000000077730000 - 0x000000007784f000 	C:\windows\system32\kernel32.dll
0x000007fefd800000 - 0x000007fefd86a000 	C:\windows\system32\KERNELBASE.dll
0x0000000075330000 - 0x00000000753b9000 	C:\windows\System32\SYSFER.DLL
0x000007fefdd70000 - 0x000007fefde4b000 	C:\windows\system32\ADVAPI32.dll
0x000007fefee30000 - 0x000007fefeecf000 	C:\windows\system32\msvcrt.dll
0x000007fefdcb0000 - 0x000007fefdccf000 	C:\windows\SYSTEM32\sechost.dll
0x000007fefece0000 - 0x000007fefee0d000 	C:\windows\system32\RPCRT4.dll
0x0000000077850000 - 0x000000007794a000 	C:\windows\system32\USER32.dll
0x000007fefde50000 - 0x000007fefdeb7000 	C:\windows\system32\GDI32.dll
0x000007fefe290000 - 0x000007fefe29e000 	C:\windows\system32\LPK.dll
0x000007fefe8e0000 - 0x000007fefe9ab000 	C:\windows\system32\USP10.dll
0x000007fefc6a0000 - 0x000007fefc894000 	C:\windows\WinSxS\amd64_microsoft.windows.common-controls_6595b64144ccf1df_6.0.7601.18837_none_fa3b1e3d17594757\COMCTL32.dll
0x000007fefdb50000 - 0x000007fefdbc1000 	C:\windows\system32\SHLWAPI.dll
0x000007fefdb20000 - 0x000007fefdb4e000 	C:\windows\system32\IMM32.DLL
0x000007fefda00000 - 0x000007fefdb09000 	C:\windows\system32\MSCTF.dll
0x0000000060b70000 - 0x0000000060c42000 	C:\Program Files\Java\jre1.8.0_20\bin\msvcr100.dll
0x000000005d760000 - 0x000000005dfb8000 	C:\Program Files\Java\jre1.8.0_20\bin\server\jvm.dll
0x000007fef5130000 - 0x000007fef5139000 	C:\windows\system32\WSOCK32.dll
0x000007fefe690000 - 0x000007fefe6dd000 	C:\windows\system32\WS2_32.dll
0x000007fefdb10000 - 0x000007fefdb18000 	C:\windows\system32\NSI.dll
0x000007fefb290000 - 0x000007fefb2cb000 	C:\windows\system32\WINMM.dll
0x0000000077b10000 - 0x0000000077b17000 	C:\windows\system32\PSAPI.DLL
0x0000000074f20000 - 0x0000000074f2f000 	C:\Program Files\Java\jre1.8.0_20\bin\verify.dll
0x0000000074a50000 - 0x0000000074a78000 	C:\Program Files\Java\jre1.8.0_20\bin\java.dll
0x000007fef9dd0000 - 0x000007fef9e08000 	C:\Users\IBM_ADMIN\.jrebel\nightly_cache\201709181445\jrebel\lib\jrebel64.dll
0x000007fefeed0000 - 0x000007feffc5a000 	C:\windows\system32\SHELL32.dll
0x000007fef2d10000 - 0x000007fef2d13000 	C:\windows\system32\api-ms-win-core-synch-l1-2-0.DLL
0x0000000074c00000 - 0x0000000074c16000 	C:\Program Files\Java\jre1.8.0_20\bin\zip.dll
0x000007fefe6e0000 - 0x000007fefe8dc000 	C:\windows\system32\ole32.dll
0x000007fefd650000 - 0x000007fefd65f000 	C:\windows\system32\profapi.dll
0x0000000074f00000 - 0x0000000074f0d000 	C:\Program Files\Java\jre1.8.0_20\bin\management.dll
0x0000000074be0000 - 0x0000000074bfa000 	C:\Program Files\Java\jre1.8.0_20\bin\net.dll
0x000007fefce10000 - 0x000007fefce65000 	C:\windows\system32\mswsock.dll
0x000007fefce00000 - 0x000007fefce07000 	C:\windows\System32\wship6.dll
0x0000000073d10000 - 0x0000000073d21000 	C:\Program Files\Java\jre1.8.0_20\bin\nio.dll
0x0000000070640000 - 0x0000000070664000 	C:\Program Files\Java\jre1.8.0_20\bin\sunec.dll
0x000007fefc100000 - 0x000007fefc11b000 	C:\Users\IBM_ADMIN\AppData\Local\Temp\jrebel-temp\ver-65ad2920\IdeaWin64.dll
0x000007fefd480000 - 0x000007fefd4d7000 	C:\windows\system32\apphelp.dll
0x0000000074f10000 - 0x0000000074f1b000 	C:\Program Files\Java\jre1.8.0_20\bin\sunmscapi.dll
0x000007fefd660000 - 0x000007fefd7cd000 	C:\windows\system32\CRYPT32.dll
0x000007fefd640000 - 0x000007fefd64f000 	C:\windows\system32\MSASN1.dll
0x000007fefce70000 - 0x000007fefce88000 	C:\windows\system32\CRYPTSP.dll
0x000007fefcb70000 - 0x000007fefcbb7000 	C:\windows\system32\rsaenh.dll
0x000007fefd960000 - 0x000007fefd97e000 	C:\windows\system32\USERENV.dll
0x000007fefd4e0000 - 0x000007fefd4ef000 	C:\windows\system32\CRYPTBASE.dll
0x000007fefaf60000 - 0x000007fefaf87000 	C:\windows\system32\IPHLPAPI.DLL
0x000007fefaf50000 - 0x000007fefaf5b000 	C:\windows\system32\WINNSI.DLL
0x000007fefaa70000 - 0x000007fefaa88000 	C:\windows\system32\dhcpcsvc.DLL
0x000007fefaa50000 - 0x000007fefaa61000 	C:\windows\system32\dhcpcsvc6.DLL
0x000007fefb210000 - 0x000007fefb225000 	C:\windows\system32\NLAapi.dll
0x000007fee2580000 - 0x000007fee2595000 	C:\windows\system32\napinsp.dll
0x000007fee25a0000 - 0x000007fee25b9000 	C:\windows\system32\pnrpnsp.dll
0x000007fefcc90000 - 0x000007fefcceb000 	C:\windows\system32\DNSAPI.dll
0x000007fefa1e0000 - 0x000007fefa1eb000 	C:\windows\System32\winrnr.dll
0x000007fee8830000 - 0x000007fee8840000 	C:\windows\system32\wshbth.dll
0x000007fefc490000 - 0x000007fefc497000 	C:\windows\System32\wshtcpip.dll
0x000007fef6480000 - 0x000007fef6488000 	C:\windows\system32\rasadhlp.dll
0x000007fefaaa0000 - 0x000007fefaaf3000 	C:\windows\System32\fwpuclnt.dll
0x0000000074d60000 - 0x0000000074ef8000 	C:\Program Files\Java\jre1.8.0_20\bin\awt.dll
0x000007fefdbd0000 - 0x000007fefdcaa000 	C:\windows\system32\OLEAUT32.dll
0x000007fedf830000 - 0x000007fedf955000 	C:\windows\system32\dbghelp.dll

VM Arguments:
jvm_args: -Dspring.liveBeansView.mbeanDomain -Dcom.sun.management.jmxremote -Dcom.sun.management.jmxremote.port=46603 -Dcom.sun.management.jmxremote.authenticate=false -Dcom.sun.management.jmxremote.ssl=false -Drebel.base=C:\Users\IBM_ADMIN\.jrebel -Drebel.env.ide.plugin.version=7.1.1 -Drebel.env.ide.version=4.3.0 -Drebel.env.ide.product=Eclipse -Drebel.env.ide=eclipse -Drebel.notification.url=http://localhost:17434 -Drebel.workspace.path=C:\junWorkSpace -Drebel.properties=C:\Users\IBM_ADMIN\.jrebel\jrebel.properties -agentpath:C:\Users\IBM_ADMIN\.jrebel\nightly_cache\201709181445\jrebel\lib\jrebel64.dll -Dfile.encoding=UTF-8 
java_command: com.ibmMeeting.IbmMeetingApplication
java_class_path (initial): C:\bluemix ING\bluemixProject\bin;C:\Users\IBM_ADMIN\.gradle\caches\modules-2\files-2.1\ch.qos.logback\logback-classic\1.1.11\ccedfbacef4a6515d2983e3f89ed753d5d4fb665\logback-classic-1.1.11.jar;C:\Users\IBM_ADMIN\.gradle\caches\modules-2\files-2.1\ch.qos.logback\logback-core\1.1.11\88b8df40340eed549fb07e2613879bf6b006704d\logback-core-1.1.11.jar;C:\Users\IBM_ADMIN\.gradle\caches\modules-2\files-2.1\com.fasterxml.jackson.core\jackson-annotations\2.8.0\45b426f7796b741035581a176744d91090e2e6fb\jackson-annotations-2.8.0.jar;C:\Users\IBM_ADMIN\.gradle\caches\modules-2\files-2.1\com.fasterxml.jackson.core\jackson-core\2.8.10\eb21a035c66ad307e66ec8fce37f5d50fd62d039\jackson-core-2.8.10.jar;C:\Users\IBM_ADMIN\.gradle\caches\modules-2\files-2.1\com.fasterxml.jackson.core\jackson-databind\2.8.10\f7b83cb2bc4b88d53961e749e1ad32f49ef017b7\jackson-databind-2.8.10.jar;C:\Users\IBM_ADMIN\.gradle\caches\modules-2\files-2.1\com.fasterxml\classmate\1.3.4\3d5f48f10bbe4eb7bd862f10c0583be2e0053c6\classmate-1.3.4.jar;C:\Users\IBM_ADMIN\.gradle\caches\modules-2\files-2.1\com.github.virtuald\curvesapi\1.04\3386abf821719bc89c7685f9eaafaf4a842f0199\curvesapi-1.04.jar;C:\Users\IBM_ADMIN\.gradle\caches\modules-2\files-2.1\com.jayway.jsonpath\json-path\2.2.0\22290d17944bd239fabf5ac69005a60a7ecbbbcb\json-path-2.2.0.jar;C:\Users\IBM_ADMIN\.gradle\caches\modules-2\files-2.1\com.sun.mail\javax.mail\1.5.6\ab5daef2f881c42c8e280cbe918ec4d7fdfd7efe\javax.mail-1.5.6.jar;C:\Users\IBM_ADMIN\.gradle\caches\modules-2\files-2.1\com.vaadin.external.google\android-json\0.0.20131108.vaadin1\fa26d351fe62a6a17f5cda1287c1c6110dec413f\android-json-0.0.20131108.vaadin1.jar;C:\Users\IBM_ADMIN\.gradle\caches\modules-2\files-2.1\commons-codec\commons-codec\1.10\4b95f4897fa13f2cd904aee711aeafc0c5295cd8\commons-codec-1.10.jar;C:\Users\IBM_ADMIN\.gradle\caches\modules-2\files-2.1\javax.activation\activation\1.1\e6cb541461c2834bdea3eb920f1884d1eb508b50\activation-1.1.jar;C:\Users\IBM_ADMIN\.grad
Launcher Type: SUN_STANDARD

Environment Variables:
JAVA_HOME=C:\Program Files\Java\jdk1.8.0_20
CLASSPATH=.;C:\PROGRA~1\IBM\SQLLIB\java\db2java.zip;C:\PROGRA~1\IBM\SQLLIB\java\db2jcc.jar;C:\PROGRA~1\IBM\SQLLIB\java\sqlj.zip;C:\PROGRA~1\IBM\SQLLIB\java\db2jcc_license_cu.jar;C:\PROGRA~1\IBM\SQLLIB\bin;C:\PROGRA~1\IBM\SQLLIB\java\common.jar
PATH=C:\oraclexe\app\oracle\product\11.2.0\server\bin;C:\ProgramData\Oracle\Java\javapath;C:\Program Files (x86)\Intel\iCLS Client\;C:\Program Files\Intel\iCLS Client\;C:\windows\SYSTEM32;C:\windows;C:\windows\SYSTEM32\WBEM;C:\windows\SYSTEM32\WINDOWSPOWERSHELL\V1.0\;C:\PROGRAM FILES (X86)\COMMON FILES\ROXIO SHARED\DLLSHARED\;C:\PROGRAM FILES (X86)\COMMON FILES\ROXIO SHARED\DLLSHARED\;C:\PROGRAM FILES (X86)\COMMON FILES\ROXIO SHARED\13.0\DLLSHARED\;C:\Program Files\ThinkPad\Bluetooth Software\;C:\Program Files\ThinkPad\Bluetooth Software\syswow64;C:\Program Files (x86)\Intel\Intel(R) Management Engine Components\DAL;C:\Program Files\Intel\Intel(R) Management Engine Components\DAL;C:\Program Files (x86)\Intel\Intel(R) Management Engine Components\IPT;C:\Program Files\Intel\Intel(R) Management Engine Components\IPT;C:\Program Files\Intel\WiFi\bin\;C:\Program Files\Common Files\Intel\WirelessCommon\;C:\Program Files\Java\jdk1.8.0_20\bin;C:\Program Files\Git\cmd;C:\Program Files\ibm\gsk8\lib64;C:\Program Files (x86)\ibm\gsk8\lib;C:\PROGRA~1\IBM\SQLLIB\BIN;C:\PROGRA~1\IBM\SQLLIB\FUNCTION;C:\PROGRA~1\IBM\SQLLIB\SAMPLES\REPL;C:\Program Files\MySQL\MySQL Utilities 1.6\;C:\Program Files\IBM\Bluemix\bin;C:\Program Files\Intel\WiFi\bin\;C:\Program Files\Common Files\Intel\WirelessCommon\;C:\Program Files\Bandizip\
USERNAME=ADMINIBM
OS=Windows_NT
PROCESSOR_IDENTIFIER=Intel64 Family 6 Model 58 Stepping 9, GenuineIntel



---------------  S Y S T E M  ---------------

OS: Windows 7 , 64 bit Build 7601 Service Pack 1

CPU:total 4 (2 cores per cpu, 2 threads per core) family 6 model 58 stepping 9, cmov, cx8, fxsr, mmx, sse, sse2, sse3, ssse3, sse4.1, sse4.2, popcnt, avx, aes, clmul, erms, ht, tsc, tscinvbit, tscinv

Memory: 4k page, physical 8105944k(3099228k free), swap 16210028k(10502836k free)

vm_info: Java HotSpot(TM) 64-Bit Server VM (25.20-b23) for windows-amd64 JRE (1.8.0_20-b26), built on Jul 30 2014 13:51:23 by "java_re" with MS VC++ 10.0 (VS2010)

time: Tue Nov 07 10:38:31 2017
elapsed time: 103 seconds (0d 0h 1m 43s)

