#
# A fatal error has been detected by the Java Runtime Environment:
#
#  EXCEPTION_ACCESS_VIOLATION (0xc0000005) at pc=0x000000005dc22c16, pid=6964, tid=6420
#
# JRE version: Java(TM) SE Runtime Environment (8.0_20-b26) (build 1.8.0_20-b26)
# Java VM: Java HotSpot(TM) 64-Bit Server VM (25.20-b23 mixed mode windows-amd64 compressed oops)
# Problematic frame:
# V  [jvm.dll+0x4c2c16]
#
# Failed to write core dump. Minidumps are not enabled by default on client versions of Windows
#
# If you would like to submit a bug report, please visit:
#   http://bugreport.sun.com/bugreport/crash.jsp
#

---------------  T H R E A D  ---------------

Current thread (0x000000005afcd000):  JavaThread "C2 CompilerThread1" daemon [_thread_in_native, id=6420, stack(0x000000005d0d0000,0x000000005d1d0000)]

siginfo: ExceptionCode=0xc0000005, reading address 0x0000000000000010

Registers:
RAX=0x0000000000000000, RBX=0x000000005b657a20, RCX=0x000000005b657a20, RDX=0x0000000062142830
RSP=0x000000005d1cd6d0, RBP=0x000000005b657a20, RSI=0x000000005d1ceb30, RDI=0x000000005dd96888
R8 =0x000000005b657a20, R9 =0x0000000000000002, R10=0x000000005af36060, R11=0x0000000000000000
R12=0x000000005d1ce0e0, R13=0x0000000062142830, R14=0x0000000063c4b570, R15=0x0000000000000000
RIP=0x000000005dc22c16, EFLAGS=0x0000000000010246

Top of Stack: (sp=0x000000005d1cd6d0)
0x000000005d1cd6d0:   00000000621463f0 000000005b657a20
0x000000005d1cd6e0:   0000000063c4b960 000000005d1cd990
0x000000005d1cd6f0:   0000000000000018 0000000063c4b230
0x000000005d1cd700:   000000005d1cd990 000000005dbbac1a
0x000000005d1cd710:   000000005b657a20 0000000000000003
0x000000005d1cd720:   0000000000000003 000000005dd96888
0x000000005d1cd730:   000000005af38c90 0000000000000001
0x000000005d1cd740:   0000000088ca6c00 000000005db9a0b4
0x000000005d1cd750:   0000000063c48718 000000005dc439db
0x000000005d1cd760:   0000000000000000 0000000063c4b230
0x000000005d1cd770:   0000000000000038 000000005dbcfe69
0x000000005d1cd780:   0000000063c48718 0000000000000005
0x000000005d1cd790:   0000000000000000 000000005e15f7c0
0x000000005d1cd7a0:   0000000200000001 000000005e15f5c0
0x000000005d1cd7b0:   0000000000000038 000000005db9a0b4
0x000000005d1cd7c0:   0000000000000005 000000005d760000 

Instructions: (pc=0x000000005dc22c16)
0x000000005dc22bf6:   8b e1 49 8b c8 49 8b e8 4c 8b ea ff 50 28 44 8b
0x000000005dc22c06:   48 10 41 83 f9 0e 7c 06 41 83 f9 14 7e 02 33 c0
0x000000005dc22c16:   8b 48 10 48 89 5c 24 40 83 f9 10 0f 8c 03 01 00
0x000000005dc22c26:   00 83 f9 12 0f 8f fa 00 00 00 80 78 32 00 0f 84 


Register to memory mapping:

RAX=0x0000000000000000 is an unknown value
RBX=0x000000005b657a20 is an unknown value
RCX=0x000000005b657a20 is an unknown value
RDX=0x0000000062142830 is an unknown value
RSP=0x000000005d1cd6d0 is pointing into the stack for thread: 0x000000005afcd000
RBP=0x000000005b657a20 is an unknown value
RSI=0x000000005d1ceb30 is pointing into the stack for thread: 0x000000005afcd000
RDI=0x000000005dd96888 is an unknown value
R8 =0x000000005b657a20 is an unknown value
R9 =0x0000000000000002 is an unknown value
R10=0x000000005af36060 is an unknown value
R11=0x0000000000000000 is an unknown value
R12=0x000000005d1ce0e0 is pointing into the stack for thread: 0x000000005afcd000
R13=0x0000000062142830 is an unknown value
R14=0x0000000063c4b570 is an unknown value
R15=0x0000000000000000 is an unknown value


Stack: [0x000000005d0d0000,0x000000005d1d0000],  sp=0x000000005d1cd6d0,  free space=1013k
Native frames: (J=compiled Java code, j=interpreted, Vv=VM code, C=native code)
V  [jvm.dll+0x4c2c16]
V  [jvm.dll+0x45ac1a]
V  [jvm.dll+0x4d8fd1]
V  [jvm.dll+0x4d9aef]
V  [jvm.dll+0x4d9e69]
V  [jvm.dll+0x4da3d6]
V  [jvm.dll+0x436ec1]
V  [jvm.dll+0x45b2c4]
V  [jvm.dll+0x4e0fd8]
V  [jvm.dll+0x4d9ae7]
V  [jvm.dll+0x4d9e69]
V  [jvm.dll+0x4da3d6]
V  [jvm.dll+0x436ec1]
V  [jvm.dll+0x45243b]
V  [jvm.dll+0x435fc2]
V  [jvm.dll+0x97b62]
V  [jvm.dll+0x98353]
V  [jvm.dll+0x22aac4]
V  [jvm.dll+0x283f5a]
C  [msvcr100.dll+0x21d9f]
C  [msvcr100.dll+0x21e3b]
C  [kernel32.dll+0x159cd]
C  [ntdll.dll+0x2a561]


Current CompileTask:
C2:  43512 12482   !   4       sun.misc.URLClassPath$JarLoader::getResource (95 bytes)


---------------  P R O C E S S  ---------------

Java Threads: ( => current thread )
  0x000000005b033800 JavaThread "rebel-IDENotificationsImpl-PostCycle" daemon [_thread_blocked, id=10552, stack(0x0000000062b50000,0x0000000062c50000)]
  0x000000005b207800 JavaThread "DestroyJavaVM" [_thread_blocked, id=7908, stack(0x0000000002840000,0x0000000002940000)]
  0x000000005b207000 JavaThread "http-nio-9000-AsyncTimeout" daemon [_thread_blocked, id=5540, stack(0x00000000667c0000,0x00000000668c0000)]
  0x000000005b206000 JavaThread "http-nio-9000-Acceptor-0" daemon [_thread_in_native, id=2384, stack(0x0000000066480000,0x0000000066580000)]
  0x000000005b205800 JavaThread "http-nio-9000-ClientPoller-1" daemon [_thread_in_native, id=1904, stack(0x00000000665f0000,0x00000000666f0000)]
  0x000000005b204800 JavaThread "http-nio-9000-ClientPoller-0" daemon [_thread_in_native, id=6424, stack(0x0000000066330000,0x0000000066430000)]
  0x000000005b204000 JavaThread "http-nio-9000-exec-10" daemon [_thread_blocked, id=2580, stack(0x00000000661a0000,0x00000000662a0000)]
  0x000000005b203000 JavaThread "http-nio-9000-exec-9" daemon [_thread_blocked, id=5664, stack(0x0000000065280000,0x0000000065380000)]
  0x000000005b202800 JavaThread "http-nio-9000-exec-8" daemon [_thread_blocked, id=8864, stack(0x0000000065980000,0x0000000065a80000)]
  0x000000005b201800 JavaThread "http-nio-9000-exec-7" daemon [_thread_blocked, id=8836, stack(0x0000000065f00000,0x0000000066000000)]
  0x000000005b201000 JavaThread "http-nio-9000-exec-6" daemon [_thread_blocked, id=9824, stack(0x0000000066000000,0x0000000066100000)]
  0x000000005e15a000 JavaThread "http-nio-9000-exec-5" daemon [_thread_blocked, id=9268, stack(0x0000000065df0000,0x0000000065ef0000)]
  0x000000005e159000 JavaThread "http-nio-9000-exec-4" daemon [_thread_blocked, id=8876, stack(0x0000000065cb0000,0x0000000065db0000)]
  0x000000005e158800 JavaThread "http-nio-9000-exec-3" daemon [_thread_blocked, id=1964, stack(0x0000000065b00000,0x0000000065c00000)]
  0x000000005e157800 JavaThread "http-nio-9000-exec-2" daemon [_thread_blocked, id=1444, stack(0x000000005cfd0000,0x000000005d0d0000)]
  0x000000005e157000 JavaThread "http-nio-9000-exec-1" daemon [_thread_blocked, id=10352, stack(0x0000000064670000,0x0000000064770000)]
  0x000000005e156000 JavaThread "NioBlockingSelector.BlockPoller-1" daemon [_thread_in_native, id=10028, stack(0x000000005efc0000,0x000000005f0c0000)]
  0x000000005e155800 JavaThread "pool-4-thread-1" [_thread_blocked, id=9020, stack(0x0000000065840000,0x0000000065940000)]
  0x000000005b034000 JavaThread "container-0" [_thread_blocked, id=10576, stack(0x000000005bd60000,0x000000005be60000)]
  0x000000005b035800 JavaThread "ContainerBackgroundProcessor[StandardEngine[Tomcat]]" daemon [_thread_blocked, id=6396, stack(0x00000000608a0000,0x00000000609a0000)]
  0x000000005b032800 JavaThread "RMI TCP Accept-0" daemon [_thread_in_native, id=10584, stack(0x0000000060500000,0x0000000060600000)]
  0x000000005b032000 JavaThread "RMI TCP Accept-46603" daemon [_thread_in_native, id=10388, stack(0x0000000060320000,0x0000000060420000)]
  0x000000005b031000 JavaThread "RMI TCP Accept-0" daemon [_thread_in_native, id=304, stack(0x0000000060130000,0x0000000060230000)]
  0x000000005b030800 JavaThread "Service Thread" daemon [_thread_blocked, id=4636, stack(0x000000005a420000,0x000000005a520000)]
  0x000000005afce000 JavaThread "C1 CompilerThread2" daemon [_thread_blocked, id=10804, stack(0x000000005d210000,0x000000005d310000)]
=>0x000000005afcd000 JavaThread "C2 CompilerThread1" daemon [_thread_in_native, id=6420, stack(0x000000005d0d0000,0x000000005d1d0000)]
  0x000000005b03f800 JavaThread "C2 CompilerThread0" daemon [_thread_in_native, id=9696, stack(0x000000005cbc0000,0x000000005ccc0000)]
  0x000000005b02f800 JavaThread "rebel-change-detector-thread" daemon [_thread_blocked, id=2468, stack(0x000000005cec0000,0x000000005cfc0000)]
  0x000000005b02f000 JavaThread "rebel-debugger-thread" daemon [_thread_blocked, id=6452, stack(0x000000005cce0000,0x000000005cde0000)]
  0x000000005afc8800 JavaThread "rebel-debugger-attach-notifier" daemon [_thread_blocked, id=5032, stack(0x000000005ca60000,0x000000005cb60000)]
  0x000000005afa1000 JavaThread "rebel-heartbeat-thread" daemon [_thread_blocked, id=3968, stack(0x000000005c5f0000,0x000000005c6f0000)]
  0x000000005af1c800 JavaThread "rebel-redeploy-thread" daemon [_thread_blocked, id=6328, stack(0x000000005c470000,0x000000005c570000)]
  0x000000005ad3c800 JavaThread "rebel-weak-reaper" daemon [_thread_blocked, id=6928, stack(0x00000000599a0000,0x0000000059aa0000)]
  0x000000005ad3e800 JavaThread "rebel-messaging-executor-24" daemon [_thread_blocked, id=1068, stack(0x000000005bc60000,0x000000005bd60000)]
  0x00000000591ad000 JavaThread "rebel-cache-writer" daemon [_thread_blocked, id=9780, stack(0x0000000059dd0000,0x0000000059ed0000)]
  0x000000005ac71800 JavaThread "rebel-fsnotify-OutputReader" daemon [_thread_blocked, id=10084, stack(0x000000005bb20000,0x000000005bc20000)]
  0x000000005ac70800 JavaThread "rebel-fsnotify-OutputReader" daemon [_thread_blocked, id=7320, stack(0x000000005a6b0000,0x000000005a7b0000)]
  0x0000000059261000 JavaThread "rebel-fsnotify-ShutdownOnTermination" daemon [_thread_in_native, id=2892, stack(0x000000005a550000,0x000000005a650000)]
  0x0000000059260000 JavaThread "rebel-CacheKeepAlive" daemon [_thread_blocked, id=7920, stack(0x000000005a300000,0x000000005a400000)]
  0x000000005918f000 JavaThread "rebel-logger" daemon [_thread_blocked, id=9652, stack(0x0000000059ab0000,0x0000000059bb0000)]
  0x0000000058a40800 JavaThread "Attach Listener" daemon [_thread_blocked, id=11228, stack(0x0000000058e20000,0x0000000058f20000)]
  0x000000005774c800 JavaThread "Signal Dispatcher" daemon [_thread_blocked, id=11060, stack(0x0000000058fc0000,0x00000000590c0000)]
  0x00000000576f5800 JavaThread "Finalizer" daemon [_thread_blocked, id=10692, stack(0x00000000588f0000,0x00000000589f0000)]
  0x00000000576f4000 JavaThread "Reference Handler" daemon [_thread_blocked, id=10928, stack(0x00000000586c0000,0x00000000587c0000)]

Other Threads:
  0x00000000576ec800 VMThread [stack: 0x00000000587d0000,0x00000000588d0000] [id=9120]
  0x000000005b656800 WatcherThread [stack: 0x00000000607a0000,0x00000000608a0000] [id=10460]

VM state:not at safepoint (normal execution)

VM Mutex/Monitor currently owned by a thread: None

Heap:
 PSYoungGen      total 294400K, used 19429K [0x00000000d6c00000, 0x00000000ed800000, 0x0000000100000000)
  eden space 284672K, 3% used [0x00000000d6c00000,0x00000000d7706308,0x00000000e8200000)
  from space 9728K, 83% used [0x00000000e8200000,0x00000000e89f34b8,0x00000000e8b80000)
  to   space 10240K, 0% used [0x00000000ece00000,0x00000000ece00000,0x00000000ed800000)
 ParOldGen       total 128000K, used 40770K [0x0000000084400000, 0x000000008c100000, 0x00000000d6c00000)
  object space 128000K, 31% used [0x0000000084400000,0x0000000086bd0bb0,0x000000008c100000)
 Metaspace       used 66370K, capacity 67814K, committed 68352K, reserved 1110016K
  class space    used 7687K, capacity 8078K, committed 8192K, reserved 1048576K

Card table byte_map: [0x0000000011e00000,0x00000000121e0000] byte_map_base: 0x00000000119de000

Marking Bits: (ParMarkBitMap*) 0x000000005df3b460
 Begin Bits: [0x0000000012b90000, 0x0000000014a80000)
 End Bits:   [0x0000000014a80000, 0x0000000016970000)

Polling page: 0x0000000000140000

CodeCache: size=245760Kb used=14894Kb max_used=28304Kb free=230865Kb
 bounds [0x0000000002a40000, 0x0000000004630000, 0x0000000011a40000]
 total_blobs=8026 nmethods=7520 adapters=418
 compilation: enabled

Compilation events (10 events):
Event: 43.374 Thread 0x000000005afcd000 nmethod 11600 0x000000000424a850 code [0x000000000424a9a0, 0x000000000424aaf8]
Event: 43.374 Thread 0x000000005afcd000 11708       4       java.util.HashSet::add (24 bytes)
Event: 43.377 Thread 0x000000005afcd000 nmethod 11708 0x0000000004337710 code [0x0000000004337880, 0x0000000004337ab8]
Event: 43.377 Thread 0x000000005afcd000 12357       4       java.util.HashMap::newNode (17 bytes)
Event: 43.378 Thread 0x000000005afcd000 nmethod 12357 0x00000000039c12d0 code [0x00000000039c1420, 0x00000000039c1518]
Event: 43.378 Thread 0x000000005afcd000 11949       4       com.zeroturnaround.jrebelbase.facade.ab::getName (32 bytes)
Event: 43.382 Thread 0x000000005afcd000 nmethod 11949 0x00000000033edb90 code [0x00000000033edd60, 0x00000000033ee030]
Event: 43.382 Thread 0x000000005afcd000 12200   !   4       java.util.Collections$SynchronizedMap::get (38 bytes)
Event: 43.386 Thread 0x000000005afcd000 nmethod 12200 0x00000000044f8950 code [0x00000000044f8aa0, 0x00000000044f8e38]
Event: 43.387 Thread 0x000000005afcd000 12482   !   4       sun.misc.URLClassPath$JarLoader::getResource (95 bytes)

GC Heap History (10 events):
Event: 32.972 GC heap before
{Heap before GC invocations=22 (full 2):
 PSYoungGen      total 204800K, used 202673K [0x00000000d6c00000, 0x00000000e6780000, 0x0000000100000000)
  eden space 196096K, 100% used [0x00000000d6c00000,0x00000000e2b80000,0x00000000e2b80000)
  from space 8704K, 75% used [0x00000000e2b80000,0x00000000e31ec528,0x00000000e3400000)
  to   space 8704K, 0% used [0x00000000e5f00000,0x00000000e5f00000,0x00000000e6780000)
 ParOldGen       total 89088K, used 29272K [0x0000000084400000, 0x0000000089b00000, 0x00000000d6c00000)
  object space 89088K, 32% used [0x0000000084400000,0x0000000086096040,0x0000000089b00000)
 Metaspace       used 56257K, capacity 57514K, committed 57984K, reserved 1099776K
  class space    used 6587K, capacity 6936K, committed 7040K, reserved 1048576K
Event: 32.990 GC heap after
Heap after GC invocations=22 (full 2):
 PSYoungGen      total 244224K, used 7371K [0x00000000d6c00000, 0x00000000e6680000, 0x0000000100000000)
  eden space 236544K, 0% used [0x00000000d6c00000,0x00000000d6c00000,0x00000000e5300000)
  from space 7680K, 95% used [0x00000000e5f00000,0x00000000e6632d70,0x00000000e6680000)
  to   space 9216K, 0% used [0x00000000e5480000,0x00000000e5480000,0x00000000e5d80000)
 ParOldGen       total 89088K, used 33228K [0x0000000084400000, 0x0000000089b00000, 0x00000000d6c00000)
  object space 89088K, 37% used [0x0000000084400000,0x00000000864733f8,0x0000000089b00000)
 Metaspace       used 56257K, capacity 57514K, committed 57984K, reserved 1099776K
  class space    used 6587K, capacity 6936K, committed 7040K, reserved 1048576K
}
Event: 33.650 GC heap before
{Heap before GC invocations=23 (full 2):
 PSYoungGen      total 244224K, used 77288K [0x00000000d6c00000, 0x00000000e6680000, 0x0000000100000000)
  eden space 236544K, 29% used [0x00000000d6c00000,0x00000000db047418,0x00000000e5300000)
  from space 7680K, 95% used [0x00000000e5f00000,0x00000000e6632d70,0x00000000e6680000)
  to   space 9216K, 0% used [0x00000000e5480000,0x00000000e5480000,0x00000000e5d80000)
 ParOldGen       total 89088K, used 33228K [0x0000000084400000, 0x0000000089b00000, 0x00000000d6c00000)
  object space 89088K, 37% used [0x0000000084400000,0x00000000864733f8,0x0000000089b00000)
 Metaspace       used 57666K, capacity 58902K, committed 59136K, reserved 1101824K
  class space    used 6734K, capacity 7098K, committed 7168K, reserved 1048576K
Event: 33.665 GC heap after
Heap after GC invocations=23 (full 2):
 PSYoungGen      total 247296K, used 2141K [0x00000000d6c00000, 0x00000000e9680000, 0x0000000100000000)
  eden space 238080K, 0% used [0x00000000d6c00000,0x00000000d6c00000,0x00000000e5480000)
  from space 9216K, 23% used [0x00000000e5480000,0x00000000e56974e8,0x00000000e5d80000)
  to   space 9216K, 0% used [0x00000000e8d80000,0x00000000e8d80000,0x00000000e9680000)
 ParOldGen       total 89088K, used 37228K [0x0000000084400000, 0x0000000089b00000, 0x00000000d6c00000)
  object space 89088K, 41% used [0x0000000084400000,0x000000008685b088,0x0000000089b00000)
 Metaspace       used 57666K, capacity 58902K, committed 59136K, reserved 1101824K
  class space    used 6734K, capacity 7098K, committed 7168K, reserved 1048576K
}
Event: 33.665 GC heap before
{Heap before GC invocations=24 (full 3):
 PSYoungGen      total 247296K, used 2141K [0x00000000d6c00000, 0x00000000e9680000, 0x0000000100000000)
  eden space 238080K, 0% used [0x00000000d6c00000,0x00000000d6c00000,0x00000000e5480000)
  from space 9216K, 23% used [0x00000000e5480000,0x00000000e56974e8,0x00000000e5d80000)
  to   space 9216K, 0% used [0x00000000e8d80000,0x00000000e8d80000,0x00000000e9680000)
 ParOldGen       total 89088K, used 37228K [0x0000000084400000, 0x0000000089b00000, 0x00000000d6c00000)
  object space 89088K, 41% used [0x0000000084400000,0x000000008685b088,0x0000000089b00000)
 Metaspace       used 57666K, capacity 58902K, committed 59136K, reserved 1101824K
  class space    used 6734K, capacity 7098K, committed 7168K, reserved 1048576K
Event: 33.929 GC heap after
Heap after GC invocations=24 (full 3):
 PSYoungGen      total 247296K, used 0K [0x00000000d6c00000, 0x00000000e9680000, 0x0000000100000000)
  eden space 238080K, 0% used [0x00000000d6c00000,0x00000000d6c00000,0x00000000e5480000)
  from space 9216K, 0% used [0x00000000e5480000,0x00000000e5480000,0x00000000e5d80000)
  to   space 9216K, 0% used [0x00000000e8d80000,0x00000000e8d80000,0x00000000e9680000)
 ParOldGen       total 128000K, used 36900K [0x0000000084400000, 0x000000008c100000, 0x00000000d6c00000)
  object space 128000K, 28% used [0x0000000084400000,0x0000000086809018,0x000000008c100000)
 Metaspace       used 57666K, capacity 58902K, committed 59136K, reserved 1101824K
  class space    used 6734K, capacity 7098K, committed 7168K, reserved 1048576K
}
Event: 36.060 GC heap before
{Heap before GC invocations=25 (full 3):
 PSYoungGen      total 247296K, used 238080K [0x00000000d6c00000, 0x00000000e9680000, 0x0000000100000000)
  eden space 238080K, 100% used [0x00000000d6c00000,0x00000000e5480000,0x00000000e5480000)
  from space 9216K, 0% used [0x00000000e5480000,0x00000000e5480000,0x00000000e5d80000)
  to   space 9216K, 0% used [0x00000000e8d80000,0x00000000e8d80000,0x00000000e9680000)
 ParOldGen       total 128000K, used 36900K [0x0000000084400000, 0x000000008c100000, 0x00000000d6c00000)
  object space 128000K, 28% used [0x0000000084400000,0x0000000086809018,0x000000008c100000)
 Metaspace       used 62462K, capacity 63798K, committed 64256K, reserved 1105920K
  class space    used 7256K, capacity 7626K, committed 7680K, reserved 1048576K
Event: 36.093 GC heap after
Heap after GC invocations=25 (full 3):
 PSYoungGen      total 292352K, used 6787K [0x00000000d6c00000, 0x00000000e9500000, 0x0000000100000000)
  eden space 284672K, 0% used [0x00000000d6c00000,0x00000000d6c00000,0x00000000e8200000)
  from space 7680K, 88% used [0x00000000e8d80000,0x00000000e9420c40,0x00000000e9500000)
  to   space 9728K, 0% used [0x00000000e8200000,0x00000000e8200000,0x00000000e8b80000)
 ParOldGen       total 128000K, used 36908K [0x0000000084400000, 0x000000008c100000, 0x00000000d6c00000)
  object space 128000K, 28% used [0x0000000084400000,0x000000008680b018,0x000000008c100000)
 Metaspace       used 62462K, capacity 63798K, committed 64256K, reserved 1105920K
  class space    used 7256K, capacity 7626K, committed 7680K, reserved 1048576K
}
Event: 42.512 GC heap before
{Heap before GC invocations=26 (full 3):
 PSYoungGen      total 292352K, used 291459K [0x00000000d6c00000, 0x00000000e9500000, 0x0000000100000000)
  eden space 284672K, 100% used [0x00000000d6c00000,0x00000000e8200000,0x00000000e8200000)
  from space 7680K, 88% used [0x00000000e8d80000,0x00000000e9420c40,0x00000000e9500000)
  to   space 9728K, 0% used [0x00000000e8200000,0x00000000e8200000,0x00000000e8b80000)
 ParOldGen       total 128000K, used 36908K [0x0000000084400000, 0x000000008c100000, 0x00000000d6c00000)
  object space 128000K, 28% used [0x0000000084400000,0x000000008680b018,0x000000008c100000)
 Metaspace       used 66307K, capacity 67686K, committed 68096K, reserved 1110016K
  class space    used 7681K, capacity 8078K, committed 8192K, reserved 1048576K
Event: 42.878 GC heap after
Heap after GC invocations=26 (full 3):
 PSYoungGen      total 294400K, used 8141K [0x00000000d6c00000, 0x00000000ed800000, 0x0000000100000000)
  eden space 284672K, 0% used [0x00000000d6c00000,0x00000000d6c00000,0x00000000e8200000)
  from space 9728K, 83% used [0x00000000e8200000,0x00000000e89f34b8,0x00000000e8b80000)
  to   space 10240K, 0% used [0x00000000ece00000,0x00000000ece00000,0x00000000ed800000)
 ParOldGen       total 128000K, used 40770K [0x0000000084400000, 0x000000008c100000, 0x00000000d6c00000)
  object space 128000K, 31% used [0x0000000084400000,0x0000000086bd0bb0,0x000000008c100000)
 Metaspace       used 66307K, capacity 67686K, committed 68096K, reserved 1110016K
  class space    used 7681K, capacity 8078K, committed 8192K, reserved 1048576K
}

Deoptimization events (10 events):
Event: 39.392 Thread 0x000000005b02f800 Uncommon trap: reason=bimorphic action=maybe_recompile pc=0x0000000003b75438 method=com.zeroturnaround.javarebel.aat.a(II)V @ 20
Event: 39.549 Thread 0x000000005b02f800 Uncommon trap: reason=unloaded action=reinterpret pc=0x000000000402373c method=com.zeroturnaround.javarebel.sv.a(Lcom/zeroturnaround/javarebel/rr;Ljava/lang/String;)Lcom/zeroturnaround/javarebel/sv; @ 153
Event: 39.739 Thread 0x000000000268f000 Uncommon trap: reason=class_check action=maybe_recompile pc=0x0000000002bea23c method=java.util.ArrayList._jr$ig$elementData(Ljava/lang/Object;)[Ljava/lang/Object; @ 1
Event: 39.739 Thread 0x000000000268f000 Uncommon trap: reason=class_check action=maybe_recompile pc=0x0000000002bea23c method=java.util.ArrayList._jr$ig$elementData(Ljava/lang/Object;)[Ljava/lang/Object; @ 1
Event: 39.741 Thread 0x000000000268f000 Uncommon trap: reason=class_check action=maybe_recompile pc=0x0000000002bea23c method=java.util.ArrayList._jr$ig$elementData(Ljava/lang/Object;)[Ljava/lang/Object; @ 1
Event: 39.742 Thread 0x000000000268f000 Uncommon trap: reason=class_check action=maybe_recompile pc=0x0000000002bea23c method=java.util.ArrayList._jr$ig$elementData(Ljava/lang/Object;)[Ljava/lang/Object; @ 1
Event: 40.815 Thread 0x000000005b02f800 Uncommon trap: reason=bimorphic action=maybe_recompile pc=0x0000000002e75884 method=com.zeroturnaround.javarebel.guj.b(Ljava/lang/Object;)I @ 20
Event: 40.816 Thread 0x000000005b02f800 Uncommon trap: reason=bimorphic action=maybe_recompile pc=0x0000000002e75884 method=com.zeroturnaround.javarebel.guj.b(Ljava/lang/Object;)I @ 20
Event: 40.816 Thread 0x000000005b02f800 Uncommon trap: reason=bimorphic action=maybe_recompile pc=0x0000000002e75884 method=com.zeroturnaround.javarebel.guj.b(Ljava/lang/Object;)I @ 20
Event: 40.816 Thread 0x000000005b02f800 Uncommon trap: reason=bimorphic action=maybe_recompile pc=0x0000000002e75884 method=com.zeroturnaround.javarebel.guj.b(Ljava/lang/Object;)I @ 20

Internal exceptions (10 events):
Event: 42.104 Thread 0x000000005b02f800 Exception <a 'java/security/PrivilegedActionException'> (0x00000000e763c6e0) thrown at [D:\re\workspace\8-2-build-windows-amd64-cygwin\jdk8u20\1074\hotspot\src\share\vm\prims\jvm.cpp, line 1275]
Event: 42.108 Thread 0x000000005b02f800 Exception <a 'java/security/PrivilegedActionException'> (0x00000000e767b738) thrown at [D:\re\workspace\8-2-build-windows-amd64-cygwin\jdk8u20\1074\hotspot\src\share\vm\prims\jvm.cpp, line 1275]
Event: 42.109 Thread 0x000000005b02f800 Exception <a 'java/security/PrivilegedActionException'> (0x00000000e7683a98) thrown at [D:\re\workspace\8-2-build-windows-amd64-cygwin\jdk8u20\1074\hotspot\src\share\vm\prims\jvm.cpp, line 1275]
Event: 42.109 Thread 0x000000005b02f800 Exception <a 'java/security/PrivilegedActionException'> (0x00000000e7687720) thrown at [D:\re\workspace\8-2-build-windows-amd64-cygwin\jdk8u20\1074\hotspot\src\share\vm\prims\jvm.cpp, line 1275]
Event: 42.110 Thread 0x000000005b02f800 Exception <a 'java/security/PrivilegedActionException'> (0x00000000e768ea98) thrown at [D:\re\workspace\8-2-build-windows-amd64-cygwin\jdk8u20\1074\hotspot\src\share\vm\prims\jvm.cpp, line 1275]
Event: 42.138 Thread 0x000000005b02f800 Exception <a 'java/security/PrivilegedActionException'> (0x00000000e78761b8) thrown at [D:\re\workspace\8-2-build-windows-amd64-cygwin\jdk8u20\1074\hotspot\src\share\vm\prims\jvm.cpp, line 1275]
Event: 42.138 Thread 0x000000005b02f800 Exception <a 'java/security/PrivilegedActionException'> (0x00000000e787e898) thrown at [D:\re\workspace\8-2-build-windows-amd64-cygwin\jdk8u20\1074\hotspot\src\share\vm\prims\jvm.cpp, line 1275]
Event: 42.143 Thread 0x000000005b02f800 Exception <a 'java/security/PrivilegedActionException'> (0x00000000e78c1f10) thrown at [D:\re\workspace\8-2-build-windows-amd64-cygwin\jdk8u20\1074\hotspot\src\share\vm\prims\jvm.cpp, line 1275]
Event: 42.144 Thread 0x000000005b02f800 Exception <a 'java/security/PrivilegedActionException'> (0x00000000e78c7180) thrown at [D:\re\workspace\8-2-build-windows-amd64-cygwin\jdk8u20\1074\hotspot\src\share\vm\prims\jvm.cpp, line 1275]
Event: 42.947 Thread 0x000000005b02f800 Exception <a 'java/security/PrivilegedActionException'> (0x00000000d73d7610) thrown at [D:\re\workspace\8-2-build-windows-amd64-cygwin\jdk8u20\1074\hotspot\src\share\vm\prims\jvm.cpp, line 1275]

Events (10 events):
Event: 43.012 Thread 0x000000005b033800 DEOPT PACKING pc=0x0000000004294e0a sp=0x0000000062c4ec20
Event: 43.012 Thread 0x000000005b033800 DEOPT UNPACKING pc=0x0000000002a875bf sp=0x0000000062c4e960 mode 0
Event: 43.015 Thread 0x000000005b033800 DEOPT PACKING pc=0x0000000004294e0a sp=0x0000000062c4ec20
Event: 43.015 Thread 0x000000005b033800 DEOPT UNPACKING pc=0x0000000002a875bf sp=0x0000000062c4e960 mode 0
Event: 43.017 Thread 0x000000005b033800 DEOPT PACKING pc=0x0000000004294e0a sp=0x0000000062c4ec20
Event: 43.017 Thread 0x000000005b033800 DEOPT UNPACKING pc=0x0000000002a875bf sp=0x0000000062c4e960 mode 0
Event: 43.047 Thread 0x000000005b033800 DEOPT PACKING pc=0x0000000004294e0a sp=0x0000000062c4ebf0
Event: 43.047 Thread 0x000000005b033800 DEOPT UNPACKING pc=0x0000000002a875bf sp=0x0000000062c4e920 mode 0
Event: 43.074 loading class com/zeroturnaround/javarebel/cbv
Event: 43.074 loading class com/zeroturnaround/javarebel/cbv done


Dynamic libraries:
0x000000013f700000 - 0x000000013f734000 	C:\Program Files\Java\jre1.8.0_20\bin\javaw.exe
0x0000000077950000 - 0x0000000077afa000 	C:\windows\SYSTEM32\ntdll.dll
0x0000000077730000 - 0x000000007784f000 	C:\windows\system32\kernel32.dll
0x000007fefd800000 - 0x000007fefd86a000 	C:\windows\system32\KERNELBASE.dll
0x0000000075330000 - 0x00000000753b9000 	C:\windows\System32\SYSFER.DLL
0x000007fefdd70000 - 0x000007fefde4b000 	C:\windows\system32\ADVAPI32.dll
0x000007fefee30000 - 0x000007fefeecf000 	C:\windows\system32\msvcrt.dll
0x000007fefdcb0000 - 0x000007fefdccf000 	C:\windows\SYSTEM32\sechost.dll
0x000007fefece0000 - 0x000007fefee0d000 	C:\windows\system32\RPCRT4.dll
0x0000000077850000 - 0x000000007794a000 	C:\windows\system32\USER32.dll
0x000007fefde50000 - 0x000007fefdeb7000 	C:\windows\system32\GDI32.dll
0x000007fefe290000 - 0x000007fefe29e000 	C:\windows\system32\LPK.dll
0x000007fefe8e0000 - 0x000007fefe9ab000 	C:\windows\system32\USP10.dll
0x000007fefc6a0000 - 0x000007fefc894000 	C:\windows\WinSxS\amd64_microsoft.windows.common-controls_6595b64144ccf1df_6.0.7601.18837_none_fa3b1e3d17594757\COMCTL32.dll
0x000007fefdb50000 - 0x000007fefdbc1000 	C:\windows\system32\SHLWAPI.dll
0x000007fefdb20000 - 0x000007fefdb4e000 	C:\windows\system32\IMM32.DLL
0x000007fefda00000 - 0x000007fefdb09000 	C:\windows\system32\MSCTF.dll
0x000000006c820000 - 0x000000006c8f2000 	C:\Program Files\Java\jre1.8.0_20\bin\msvcr100.dll
0x000000005d760000 - 0x000000005dfb8000 	C:\Program Files\Java\jre1.8.0_20\bin\server\jvm.dll
0x000007fef5130000 - 0x000007fef5139000 	C:\windows\system32\WSOCK32.dll
0x000007fefe690000 - 0x000007fefe6dd000 	C:\windows\system32\WS2_32.dll
0x000007fefdb10000 - 0x000007fefdb18000 	C:\windows\system32\NSI.dll
0x000007fefb290000 - 0x000007fefb2cb000 	C:\windows\system32\WINMM.dll
0x0000000077b10000 - 0x0000000077b17000 	C:\windows\system32\PSAPI.DLL
0x0000000070660000 - 0x000000007066f000 	C:\Program Files\Java\jre1.8.0_20\bin\verify.dll
0x0000000070630000 - 0x0000000070658000 	C:\Program Files\Java\jre1.8.0_20\bin\java.dll
0x000007fede090000 - 0x000007fede0c8000 	C:\Users\IBM_ADMIN\.jrebel\nightly_cache\201709181445\jrebel\lib\jrebel64.dll
0x000007fefeed0000 - 0x000007feffc5a000 	C:\windows\system32\SHELL32.dll
0x000007fef2d10000 - 0x000007fef2d13000 	C:\windows\system32\api-ms-win-core-synch-l1-2-0.DLL
0x000007fefd480000 - 0x000007fefd4d7000 	C:\windows\system32\apphelp.dll
0x0000000070610000 - 0x0000000070626000 	C:\Program Files\Java\jre1.8.0_20\bin\zip.dll
0x000007fefe6e0000 - 0x000007fefe8dc000 	C:\windows\system32\ole32.dll
0x000007fefd650000 - 0x000007fefd65f000 	C:\windows\system32\profapi.dll
0x0000000074be0000 - 0x0000000074bed000 	C:\Program Files\Java\jre1.8.0_20\bin\management.dll
0x0000000074f10000 - 0x0000000074f2a000 	C:\Program Files\Java\jre1.8.0_20\bin\net.dll
0x000007fefce10000 - 0x000007fefce65000 	C:\windows\system32\mswsock.dll
0x000007fefce00000 - 0x000007fefce07000 	C:\windows\System32\wship6.dll
0x0000000074c00000 - 0x0000000074c11000 	C:\Program Files\Java\jre1.8.0_20\bin\nio.dll
0x0000000074a50000 - 0x0000000074a74000 	C:\Program Files\Java\jre1.8.0_20\bin\sunec.dll
0x000007feddd80000 - 0x000007feddd9b000 	C:\Users\IBM_ADMIN\AppData\Local\Temp\jrebel-temp\ver-65ad2920\IdeaWin64.dll
0x0000000074d80000 - 0x0000000074d8b000 	C:\Program Files\Java\jre1.8.0_20\bin\sunmscapi.dll
0x000007fefd660000 - 0x000007fefd7cd000 	C:\windows\system32\CRYPT32.dll
0x000007fefd640000 - 0x000007fefd64f000 	C:\windows\system32\MSASN1.dll
0x000007fefce70000 - 0x000007fefce88000 	C:\windows\system32\CRYPTSP.dll
0x000007fefcb70000 - 0x000007fefcbb7000 	C:\windows\system32\rsaenh.dll
0x000007fefd960000 - 0x000007fefd97e000 	C:\windows\system32\USERENV.dll
0x000007fefd4e0000 - 0x000007fefd4ef000 	C:\windows\system32\CRYPTBASE.dll
0x000007fefaf60000 - 0x000007fefaf87000 	C:\windows\system32\IPHLPAPI.DLL
0x000007fefaf50000 - 0x000007fefaf5b000 	C:\windows\system32\WINNSI.DLL
0x000007fefaa70000 - 0x000007fefaa88000 	C:\windows\system32\dhcpcsvc.DLL
0x000007fefaa50000 - 0x000007fefaa61000 	C:\windows\system32\dhcpcsvc6.DLL
0x000007fefb210000 - 0x000007fefb225000 	C:\windows\system32\NLAapi.dll
0x000007fee2580000 - 0x000007fee2595000 	C:\windows\system32\napinsp.dll
0x000007fee25a0000 - 0x000007fee25b9000 	C:\windows\system32\pnrpnsp.dll
0x000007fefcc90000 - 0x000007fefcceb000 	C:\windows\system32\DNSAPI.dll
0x000007fefa1e0000 - 0x000007fefa1eb000 	C:\windows\System32\winrnr.dll
0x000007fee8830000 - 0x000007fee8840000 	C:\windows\system32\wshbth.dll
0x000007fefc490000 - 0x000007fefc497000 	C:\windows\System32\wshtcpip.dll
0x000007fef6480000 - 0x000007fef6488000 	C:\windows\system32\rasadhlp.dll
0x000007fefaaa0000 - 0x000007fefaaf3000 	C:\windows\System32\fwpuclnt.dll
0x000007fedf830000 - 0x000007fedf955000 	C:\windows\system32\dbghelp.dll

VM Arguments:
jvm_args: -Dspring.liveBeansView.mbeanDomain -Dcom.sun.management.jmxremote -Dcom.sun.management.jmxremote.port=46603 -Dcom.sun.management.jmxremote.authenticate=false -Dcom.sun.management.jmxremote.ssl=false -Drebel.base=C:\Users\IBM_ADMIN\.jrebel -Drebel.env.ide.plugin.version=7.1.1 -Drebel.env.ide.version=4.3.0 -Drebel.env.ide.product=Eclipse -Drebel.env.ide=eclipse -Drebel.notification.url=http://localhost:17434 -Drebel.workspace.path=C:\junWorkSpace -Drebel.properties=C:\Users\IBM_ADMIN\.jrebel\jrebel.properties -agentpath:C:\Users\IBM_ADMIN\.jrebel\nightly_cache\201709181445\jrebel\lib\jrebel64.dll -Dfile.encoding=UTF-8 
java_command: com.ibmMeeting.IbmMeetingApplication
java_class_path (initial): C:\bluemix ING\bluemixProject\bin;C:\Users\IBM_ADMIN\.gradle\caches\modules-2\files-2.1\ch.qos.logback\logback-classic\1.1.11\ccedfbacef4a6515d2983e3f89ed753d5d4fb665\logback-classic-1.1.11.jar;C:\Users\IBM_ADMIN\.gradle\caches\modules-2\files-2.1\ch.qos.logback\logback-core\1.1.11\88b8df40340eed549fb07e2613879bf6b006704d\logback-core-1.1.11.jar;C:\Users\IBM_ADMIN\.gradle\caches\modules-2\files-2.1\com.fasterxml.jackson.core\jackson-annotations\2.8.0\45b426f7796b741035581a176744d91090e2e6fb\jackson-annotations-2.8.0.jar;C:\Users\IBM_ADMIN\.gradle\caches\modules-2\files-2.1\com.fasterxml.jackson.core\jackson-core\2.8.10\eb21a035c66ad307e66ec8fce37f5d50fd62d039\jackson-core-2.8.10.jar;C:\Users\IBM_ADMIN\.gradle\caches\modules-2\files-2.1\com.fasterxml.jackson.core\jackson-databind\2.8.10\f7b83cb2bc4b88d53961e749e1ad32f49ef017b7\jackson-databind-2.8.10.jar;C:\Users\IBM_ADMIN\.gradle\caches\modules-2\files-2.1\com.fasterxml\classmate\1.3.4\3d5f48f10bbe4eb7bd862f10c0583be2e0053c6\classmate-1.3.4.jar;C:\Users\IBM_ADMIN\.gradle\caches\modules-2\files-2.1\com.github.virtuald\curvesapi\1.04\3386abf821719bc89c7685f9eaafaf4a842f0199\curvesapi-1.04.jar;C:\Users\IBM_ADMIN\.gradle\caches\modules-2\files-2.1\com.jayway.jsonpath\json-path\2.2.0\22290d17944bd239fabf5ac69005a60a7ecbbbcb\json-path-2.2.0.jar;C:\Users\IBM_ADMIN\.gradle\caches\modules-2\files-2.1\com.sun.mail\javax.mail\1.5.6\ab5daef2f881c42c8e280cbe918ec4d7fdfd7efe\javax.mail-1.5.6.jar;C:\Users\IBM_ADMIN\.gradle\caches\modules-2\files-2.1\com.vaadin.external.google\android-json\0.0.20131108.vaadin1\fa26d351fe62a6a17f5cda1287c1c6110dec413f\android-json-0.0.20131108.vaadin1.jar;C:\Users\IBM_ADMIN\.gradle\caches\modules-2\files-2.1\commons-codec\commons-codec\1.10\4b95f4897fa13f2cd904aee711aeafc0c5295cd8\commons-codec-1.10.jar;C:\Users\IBM_ADMIN\.gradle\caches\modules-2\files-2.1\javax.activation\activation\1.1\e6cb541461c2834bdea3eb920f1884d1eb508b50\activation-1.1.jar;C:\Users\IBM_ADMIN\.grad
Launcher Type: SUN_STANDARD

Environment Variables:
JAVA_HOME=C:\Program Files\Java\jdk1.8.0_20
CLASSPATH=.;C:\PROGRA~1\IBM\SQLLIB\java\db2java.zip;C:\PROGRA~1\IBM\SQLLIB\java\db2jcc.jar;C:\PROGRA~1\IBM\SQLLIB\java\sqlj.zip;C:\PROGRA~1\IBM\SQLLIB\java\db2jcc_license_cu.jar;C:\PROGRA~1\IBM\SQLLIB\bin;C:\PROGRA~1\IBM\SQLLIB\java\common.jar
PATH=C:\oraclexe\app\oracle\product\11.2.0\server\bin;C:\ProgramData\Oracle\Java\javapath;C:\Program Files (x86)\Intel\iCLS Client\;C:\Program Files\Intel\iCLS Client\;C:\windows\SYSTEM32;C:\windows;C:\windows\SYSTEM32\WBEM;C:\windows\SYSTEM32\WINDOWSPOWERSHELL\V1.0\;C:\PROGRAM FILES (X86)\COMMON FILES\ROXIO SHARED\DLLSHARED\;C:\PROGRAM FILES (X86)\COMMON FILES\ROXIO SHARED\DLLSHARED\;C:\PROGRAM FILES (X86)\COMMON FILES\ROXIO SHARED\13.0\DLLSHARED\;C:\Program Files\ThinkPad\Bluetooth Software\;C:\Program Files\ThinkPad\Bluetooth Software\syswow64;C:\Program Files (x86)\Intel\Intel(R) Management Engine Components\DAL;C:\Program Files\Intel\Intel(R) Management Engine Components\DAL;C:\Program Files (x86)\Intel\Intel(R) Management Engine Components\IPT;C:\Program Files\Intel\Intel(R) Management Engine Components\IPT;C:\Program Files\Intel\WiFi\bin\;C:\Program Files\Common Files\Intel\WirelessCommon\;C:\Program Files\Java\jdk1.8.0_20\bin;C:\Program Files\Git\cmd;C:\Program Files\ibm\gsk8\lib64;C:\Program Files (x86)\ibm\gsk8\lib;C:\PROGRA~1\IBM\SQLLIB\BIN;C:\PROGRA~1\IBM\SQLLIB\FUNCTION;C:\PROGRA~1\IBM\SQLLIB\SAMPLES\REPL;C:\Program Files\MySQL\MySQL Utilities 1.6\;C:\Program Files\IBM\Bluemix\bin;C:\Program Files\Intel\WiFi\bin\;C:\Program Files\Common Files\Intel\WirelessCommon\;C:\Program Files\Bandizip\
USERNAME=ADMINIBM
OS=Windows_NT
PROCESSOR_IDENTIFIER=Intel64 Family 6 Model 58 Stepping 9, GenuineIntel



---------------  S Y S T E M  ---------------

OS: Windows 7 , 64 bit Build 7601 Service Pack 1

CPU:total 4 (2 cores per cpu, 2 threads per core) family 6 model 58 stepping 9, cmov, cx8, fxsr, mmx, sse, sse2, sse3, ssse3, sse4.1, sse4.2, popcnt, avx, aes, clmul, erms, ht, tsc, tscinvbit, tscinv

Memory: 4k page, physical 8105944k(2727316k free), swap 16210028k(10118216k free)

vm_info: Java HotSpot(TM) 64-Bit Server VM (25.20-b23) for windows-amd64 JRE (1.8.0_20-b26), built on Jul 30 2014 13:51:23 by "java_re" with MS VC++ 10.0 (VS2010)

time: Tue Nov 07 10:29:51 2017
elapsed time: 43 seconds (0d 0h 0m 43s)

